Build started 29.03.2019 17:32:55.
     1>Project "C:\Users\user\documents\visual studio 2013\Projects\Project4\Project4\Project4.vcxproj" on node 2 (Build target(s)).
     1>ClCompile:
         C:\Program Files (x86)\Microsoft Visual Studio 12.0\VC\bin\CL.exe /c /ZI /nologo /W3 /WX- /sdl /Od /Oy- /D _MBCS /Gm /EHsc /RTC1 /MDd /GS /fp:precise /Zc:wchar_t /Zc:forScope /Fo"Debug\\" /Fd"Debug\vc120.pdb" /Gd /TP /analyze- /errorReport:prompt Source.cpp
         Source.cpp
     1>c:\users\user\documents\visual studio 2013\projects\project4\project4\source.cpp(79): error C2678: binary '==' : no operator found which takes a left-hand operand of type 'Date' (or there is no acceptable conversion)
                 c:\program files (x86)\microsoft visual studio 12.0\vc\include\system_error(410): could be 'bool std::operator ==(const std::error_condition &,const std::error_code &) throw()'
                 c:\program files (x86)\microsoft visual studio 12.0\vc\include\system_error(402): or       'bool std::operator ==(const std::error_code &,const std::error_condition &) throw()'
                 c:\program files (x86)\microsoft visual studio 12.0\vc\include\exception(507): or       'bool std::operator ==(const std::exception_ptr &,std::nullptr_t)'
                 c:\program files (x86)\microsoft visual studio 12.0\vc\include\exception(502): or       'bool std::operator ==(std::nullptr_t,const std::exception_ptr &)'
                 c:\program files (x86)\microsoft visual studio 12.0\vc\include\exception(497): or       'bool std::operator ==(const std::exception_ptr &,const std::exception_ptr &)'
                 while trying to match the argument list '(Date, Date)'
     1>Done Building Project "C:\Users\user\documents\visual studio 2013\Projects\Project4\Project4\Project4.vcxproj" (Build target(s)) -- FAILED.

Build FAILED.

Time Elapsed 00:00:00.83
